<?xml version="1.0" encoding="utf-8" standalone="no"?>
<test-run id="2" testcasecount="2" result="Passed" total="2" passed="0" failed="0" inconclusive="0" skipped="0" asserts="0" engine-version="3.8.0.0" clr-version="4.0.30319.42000" start-time="2018-06-25 05:12:31Z" end-time="2018-06-25 05:12:33Z" duration="2.250657">
  <command-line><![CDATA["C:\ProgramData\chocolatey\lib\nunit-console-runner\tools\nunit3-console.exe" D:\code\codecov_test\MyCSharp\ci\MyCSharp.nunit --testlist=D:\code\codecov_test\MyCSharp\ci\IntegrationTests.txt -output D:\code\codecov_test\MyCSharp\ci\TestResult.xml]]></command-line>
  <filter>
    <test>ClassLibrary1Test.Class1Integ.SayHelloAndBoohoo</test>
  </filter>
  <test-suite type="Assembly" id="1-1004" name="D:\code\codecov_test\MyCSharp\ClassLibrary1Test\bin\Debug\ClassLibrary1Test.dll" fullname="D:\code\codecov_test\MyCSharp\ClassLibrary1Test\bin\Debug\ClassLibrary1Test.dll" runstate="Runnable" testcasecount="2" result="Passed" duration="0.231883" total="2" passed="0" failed="0" inconclusive="0" skipped="0" asserts="0">
    <properties>
      <property name="_PID" value="27148" />
      <property name="_APPDOMAIN" value="domain-4a180e35-MyCSharp.nunit" />
    </properties>
    <test-suite type="Namespace" id="1-1005" name="ClassLibrary1Test" fullname="ClassLibrary1Test" runstate="Runnable" testcasecount="2" result="Passed" duration="0.225565" total="2" passed="0" failed="0" inconclusive="0" skipped="0" asserts="0">
      <test-suite type="TestFixture" id="1-1000" name="Class1Integ" fullname="ClassLibrary1Test.Class1Integ" classname="ClassLibrary1Test.Class1Integ" runstate="Runnable" testcasecount="1" result="Passed" duration="0.224456" total="1" passed="0" failed="0" inconclusive="0" skipped="0" asserts="0">
        <test-case id="1-1001" name="SayHelloAndBoohoo" fullname="ClassLibrary1Test.Class1Integ.SayHelloAndBoohoo" methodname="SayHelloAndBoohoo" classname="ClassLibrary1Test.Class1Integ" runstate="Runnable" result="Passed" duration="0.219106" asserts="1" />
      </test-suite>
    </test-suite>
  </test-suite>
</test-run>